<?xml version="1.0" encoding="UTF-8"?>
<!-- Generated by org.testng.reporters.JUnitReportReporter -->
<testsuite hostname="prashoys-MacBook-Air.local" failures="0" tests="1" name="executeTests.HomeTest" time="10.043" errors="0" timestamp="2022-11-14T19:36:16 IST" skipped="0">
  <testcase classname="executeTests.HomeTest" name="verifyObsquraLogoPresent" time="10.043"/>
  <system-out/>
</testsuite> <!-- executeTests.HomeTest -->
