<?xml version="1.0" encoding="UTF-8"?>
<!-- Generated by org.testng.reporters.JUnitReportReporter -->
<testsuite hostname="prashoys-MacBook-Air.local" failures="0" tests="1" name="executeTests.ObsquraHomeTest" time="8.869" errors="0" timestamp="2022-11-07T20:45:20 IST" skipped="0">
  <testcase classname="executeTests.ObsquraHomeTest" name="verifyObquraLogoPresent" time="8.869"/>
  <system-out/>
</testsuite> <!-- executeTests.ObsquraHomeTest -->
