<?xml version="1.0" encoding="UTF-8"?>
<!-- Generated by org.testng.reporters.JUnitReportReporter -->
<testsuite hostname="prashoys-MacBook-Air.local" failures="0" tests="1" name="executeTests.InputFormTest" time="11.540" errors="0" timestamp="2022-11-08T21:14:25 IST" skipped="0">
  <testcase classname="executeTests.InputFormTest" name="verifyShowmessageFunctionalityMethod" time="11.540"/>
  <system-out/>
</testsuite> <!-- executeTests.InputFormTest -->
