<?xml version="1.0" encoding="UTF-8"?>
<!-- Generated by org.testng.reporters.JUnitReportReporter -->
<testsuite hostname="prashoys-MacBook-Air.local" failures="0" tests="1" name="executeTests.TableTest" time="13.467" errors="0" timestamp="2022-11-14T21:05:27 IST" skipped="0">
  <testcase classname="executeTests.TableTest" name="verifyDesignation" time="13.467"/>
  <system-out/>
</testsuite> <!-- executeTests.TableTest -->
