<?xml version="1.0" encoding="UTF-8"?>
<!-- Generated by org.testng.reporters.JUnitReportReporter -->
<testsuite hostname="prashoys-MacBook-Air.local" failures="0" tests="1" name="executeTests.LoginTest_2" time="9.144" errors="0" timestamp="2022-11-15T18:47:36 IST" skipped="0">
  <testcase classname="executeTests.LoginTest_2" name="sendUsernameAndPassword" time="9.144"/>
  <system-out/>
</testsuite> <!-- executeTests.LoginTest_2 -->
